<?xml version="1.0" encoding="UTF-8"?>
<!-- Generated by org.testng.reporters.JUnitReportReporter -->
<testsuite skipped="0" hostname="Nigaras-MacBook-Pro.local" name="jdbc_connection.JDBC_connection_demoTest" tests="4" failures="0" timestamp="22 Aug 2017 17:27:46 GMT" time="0.016" errors="0">
  <testcase name="getRowsCount" time="0.011" classname="jdbc_connection.JDBC_connection_demoTest"/>
  <testcase name="printAll" time="0.002" classname="jdbc_connection.JDBC_connection_demoTest"/>
  <testcase name="goToSpecificRow" time="0.001" classname="jdbc_connection.JDBC_connection_demoTest"/>
  <testcase name="goReverse" time="0.002" classname="jdbc_connection.JDBC_connection_demoTest"/>
</testsuite> <!-- jdbc_connection.JDBC_connection_demoTest -->
