<?xml version="1.0" encoding="UTF-8"?>
<!-- Generated by org.testng.reporters.JUnitReportReporter -->
<testsuite skipped="0" hostname="Nigaras-MacBook-Pro.local" name="tests.UsingDBUtil" tests="1" failures="0" timestamp="24 Aug 2017 01:17:35 GMT" time="0.010" errors="0">
  <testcase name="testSum" time="0.010" classname="tests.UsingDBUtil"/>
</testsuite> <!-- tests.UsingDBUtil -->
