<?xml version="1.0" encoding="UTF-8"?>
<!-- Generated by org.testng.reporters.JUnitReportReporter -->
<testsuite skipped="0" hostname="Nigaras-MacBook-Pro.local" name="sql_to_excel.SQLtoExcel" tests="1" failures="0" timestamp="27 Aug 2017 23:15:00 GMT" time="0.672" errors="0">
  <testcase name="loadDataToExcel" time="0.672" classname="sql_to_excel.SQLtoExcel"/>
</testsuite> <!-- sql_to_excel.SQLtoExcel -->
