<?xml version="1.0" encoding="UTF-8"?>
<!-- Generated by org.testng.reporters.JUnitReportReporter -->
<testsuite skipped="0" hostname="Nigaras-MacBook-Pro.local" name="utilities.DBUtil" tests="1" failures="0" timestamp="22 Aug 2017 17:55:10 GMT" time="0.561" errors="0">
  <testcase name="test" time="0.561" classname="utilities.DBUtil"/>
</testsuite> <!-- utilities.DBUtil -->
