<?xml version="1.0" encoding="UTF-8"?>
<!-- Generated by org.testng.reporters.JUnitReportReporter -->
<testsuite skipped="0" hostname="Nigaras-MacBook-Pro.local" name="jdbc_connection.SQLtoExcel" tests="1" failures="0" timestamp="20 Aug 2017 15:14:52 GMT" time="0.687" errors="0">
  <testcase name="loadDataToExcel" time="0.687" classname="jdbc_connection.SQLtoExcel"/>
</testsuite> <!-- jdbc_connection.SQLtoExcel -->
